TN:
SF:calculator.js
FN:1,add
FN:5,subtract
FN:9,multiply
FN:13,divide
FNDA:2,add
FNDA:2,subtract
FNDA:3,multiply
FNDA:3,divide
FNF:4
FNH:4
BRDA:1,0,0,1
BRDA:1,1,0,2
BRDA:5,2,0,2
BRDA:9,3,0,3
BRDA:13,4,0,3
BRDA:14,5,0,1
BRDA:16,6,0,2
BRF:7
BRH:7
DA:1,1
DA:2,2
DA:3,2
DA:4,1
DA:5,1
DA:6,2
DA:7,2
DA:8,1
DA:9,1
DA:10,3
DA:11,3
DA:12,1
DA:13,1
DA:14,3
DA:15,1
DA:16,1
DA:17,2
DA:18,3
LH:18
LF:18
end_of_record
SF:calculator.test.js
FN:5,anonymous_0
FN:6,anonymous_1
FN:11,anonymous_2
FN:16,anonymous_3
FN:22,anonymous_4
FN:27,anonymous_5
FN:28,assert.throws.name
FNDA:1,anonymous_0
FNDA:1,anonymous_1
FNDA:1,anonymous_2
FNDA:1,anonymous_3
FNDA:1,anonymous_4
FNDA:1,anonymous_5
FNDA:1,assert.throws.name
FNF:7
FNH:7
BRDA:1,0,0,1
BRDA:5,1,0,1
BRDA:6,2,0,1
BRDA:11,3,0,1
BRDA:16,4,0,1
BRDA:22,5,0,1
BRDA:27,6,0,1
BRDA:28,7,0,1
BRF:8
BRH:8
DA:1,1
DA:2,1
DA:3,1
DA:4,1
DA:5,1
DA:6,1
DA:7,1
DA:8,1
DA:9,1
DA:10,1
DA:11,1
DA:12,1
DA:13,1
DA:14,1
DA:15,1
DA:16,1
DA:17,1
DA:18,1
DA:19,1
DA:20,1
DA:21,1
DA:22,1
DA:23,1
DA:24,1
DA:25,1
DA:26,1
DA:27,1
DA:28,1
DA:29,1
DA:30,1
DA:31,1
DA:32,1
DA:33,1
LH:33
LF:33
end_of_record
